{"C:\\Users\\adrib\\Documents\\Projekte\\TutProjekts\\Microservices\\ticketing\\auth\\src\\app.ts": {"path":"C:\\Users\\adrib\\Documents\\Projekte\\TutProjekts\\Microservices\\ticketing\\auth\\src\\app.ts","statementMap":{"0":{"start":{"line":1,"column":0},"end":{"line":1,"column":30}},"1":{"start":{"line":3,"column":0},"end":{"line":3,"column":30}},"2":{"start":{"line":4,"column":0},"end":{"line":4,"column":35}},"3":{"start":{"line":5,"column":0},"end":{"line":5,"column":43}},"4":{"start":{"line":6,"column":0},"end":{"line":6,"column":24}},"5":{"start":{"line":8,"column":0},"end":{"line":8,"column":57}},"6":{"start":{"line":9,"column":0},"end":{"line":9,"column":47}},"7":{"start":{"line":10,"column":0},"end":{"line":10,"column":49}},"8":{"start":{"line":11,"column":0},"end":{"line":11,"column":47}},"9":{"start":{"line":13,"column":0},"end":{"line":13,"column":56}},"10":{"start":{"line":15,"column":12},"end":{"line":15,"column":21}},"11":{"start":{"line":36,"column":9},"end":{"line":36,"column":12}},"12":{"start":{"line":17,"column":0},"end":{"line":17,"column":29}},"13":{"start":{"line":18,"column":0},"end":{"line":18,"column":16}},"14":{"start":{"line":19,"column":0},"end":{"line":19,"column":16}},"15":{"start":{"line":20,"column":0},"end":{"line":27,"column":2}},"16":{"start":{"line":29,"column":0},"end":{"line":29,"column":27}},"17":{"start":{"line":30,"column":0},"end":{"line":30,"column":22}},"18":{"start":{"line":31,"column":0},"end":{"line":31,"column":23}},"19":{"start":{"line":32,"column":0},"end":{"line":32,"column":22}},"20":{"start":{"line":34,"column":0},"end":{"line":34,"column":22}}},"fnMap":{},"branchMap":{},"s":{"0":4,"1":4,"2":4,"3":4,"4":4,"5":4,"6":4,"7":4,"8":4,"9":4,"10":4,"11":4,"12":4,"13":4,"14":4,"15":4,"16":4,"17":4,"18":4,"19":4,"20":4},"f":{},"b":{}}
,"C:\\Users\\adrib\\Documents\\Projekte\\TutProjekts\\Microservices\\ticketing\\auth\\src\\models\\User.ts": {"path":"C:\\Users\\adrib\\Documents\\Projekte\\TutProjekts\\Microservices\\ticketing\\auth\\src\\models\\User.ts","statementMap":{"0":{"start":{"line":1,"column":0},"end":{"line":1,"column":32}},"1":{"start":{"line":2,"column":0},"end":{"line":2,"column":48}},"2":{"start":{"line":22,"column":19},"end":{"line":44,"column":null}},"3":{"start":{"line":38,"column":8},"end":{"line":38,"column":25}},"4":{"start":{"line":39,"column":8},"end":{"line":39,"column":23}},"5":{"start":{"line":40,"column":8},"end":{"line":40,"column":28}},"6":{"start":{"line":41,"column":8},"end":{"line":41,"column":23}},"7":{"start":{"line":50,"column":0},"end":{"line":56,"column":3}},"8":{"start":{"line":51,"column":6},"end":{"line":51,"column":10}},"9":{"start":{"line":52,"column":19},"end":{"line":52,"column":null}},"10":{"start":{"line":52,"column":10},"end":{"line":52,"column":null}},"11":{"start":{"line":53,"column":4},"end":{"line":53,"column":33}},"12":{"start":{"line":55,"column":2},"end":{"line":55,"column":9}},"13":{"start":{"line":60,"column":0},"end":{"line":62,"column":2}},"14":{"start":{"line":61,"column":2},"end":{"line":61,"column":24}},"15":{"start":{"line":66,"column":13},"end":{"line":66,"column":67}},"16":{"start":{"line":68,"column":9},"end":{"line":68,"column":13}}},"fnMap":{"0":{"name":"(anonymous_14)","decl":{"start":{"line":37,"column":15},"end":{"line":37,"column":16}},"loc":{"start":{"line":37,"column":24},"end":{"line":42,"column":7}}},"1":{"name":"(anonymous_15)","decl":{"start":{"line":50,"column":23},"end":{"line":50,"column":39}},"loc":{"start":{"line":50,"column":43},"end":{"line":56,"column":2}}},"2":{"name":"(anonymous_18)","decl":{"start":{"line":60,"column":27},"end":{"line":60,"column":28}},"loc":{"start":{"line":60,"column":42},"end":{"line":62,"column":1}}}},"branchMap":{"0":{"loc":{"start":{"line":51,"column":6},"end":{"line":51,"column":10}},"type":"if","locations":[{"start":{"line":51,"column":6},"end":{"line":51,"column":10}},{"start":{"line":51,"column":6},"end":{"line":51,"column":10}}]}},"s":{"0":4,"1":4,"2":4,"3":8,"4":8,"5":8,"6":8,"7":4,"8":7,"9":7,"10":7,"11":7,"12":7,"13":4,"14":7,"15":4,"16":4},"f":{"0":8,"1":7,"2":7},"b":{"0":[0,7]}}
,"C:\\Users\\adrib\\Documents\\Projekte\\TutProjekts\\Microservices\\ticketing\\auth\\src\\routes\\currentUser.ts": {"path":"C:\\Users\\adrib\\Documents\\Projekte\\TutProjekts\\Microservices\\ticketing\\auth\\src\\routes\\currentUser.ts","statementMap":{"0":{"start":{"line":1,"column":0},"end":{"line":1,"column":30}},"1":{"start":{"line":3,"column":0},"end":{"line":3,"column":55}},"2":{"start":{"line":5,"column":15},"end":{"line":5,"column":31}},"3":{"start":{"line":11,"column":19},"end":{"line":11,"column":36}},"4":{"start":{"line":7,"column":0},"end":{"line":9,"column":3}},"5":{"start":{"line":8,"column":2},"end":{"line":8,"column":53}}},"fnMap":{"0":{"name":"(anonymous_1)","decl":{"start":{"line":7,"column":50},"end":{"line":7,"column":51}},"loc":{"start":{"line":7,"column":59},"end":{"line":9,"column":1}}}},"branchMap":{"0":{"loc":{"start":{"line":8,"column":26},"end":{"line":8,"column":41}},"type":"binary-expr","locations":[{"start":{"line":8,"column":26},"end":{"line":8,"column":41}},{"start":{"line":8,"column":45},"end":{"line":8,"column":49}}]}},"s":{"0":4,"1":4,"2":4,"3":4,"4":4,"5":2},"f":{"0":2},"b":{"0":[2,1]}}
,"C:\\Users\\adrib\\Documents\\Projekte\\TutProjekts\\Microservices\\ticketing\\auth\\src\\routes\\signin.ts": {"path":"C:\\Users\\adrib\\Documents\\Projekte\\TutProjekts\\Microservices\\ticketing\\auth\\src\\routes\\signin.ts","statementMap":{"0":{"start":{"line":1,"column":0},"end":{"line":1,"column":53}},"1":{"start":{"line":2,"column":0},"end":{"line":2,"column":59}},"2":{"start":{"line":3,"column":0},"end":{"line":3,"column":31}},"3":{"start":{"line":4,"column":0},"end":{"line":4,"column":38}},"4":{"start":{"line":5,"column":0},"end":{"line":5,"column":59}},"5":{"start":{"line":6,"column":0},"end":{"line":6,"column":59}},"6":{"start":{"line":7,"column":0},"end":{"line":7,"column":48}},"7":{"start":{"line":9,"column":15},"end":{"line":9,"column":31}},"8":{"start":{"line":51,"column":19},"end":{"line":51,"column":31}},"9":{"start":{"line":11,"column":0},"end":{"line":49,"column":2}},"10":{"start":{"line":21,"column":36},"end":{"line":48,"column":null}},"11":{"start":{"line":22,"column":10},"end":{"line":22,"column":32}},"12":{"start":{"line":24,"column":25},"end":{"line":24,"column":null}},"13":{"start":{"line":24,"column":10},"end":{"line":24,"column":null}},"14":{"start":{"line":25,"column":4},"end":{"line":27,"column":null}},"15":{"start":{"line":26,"column":6},"end":{"line":26,"column":55}},"16":{"start":{"line":28,"column":20},"end":{"line":28,"column":null}},"17":{"start":{"line":28,"column":10},"end":{"line":28,"column":null}},"18":{"start":{"line":29,"column":4},"end":{"line":31,"column":null}},"19":{"start":{"line":30,"column":6},"end":{"line":30,"column":55}},"20":{"start":{"line":33,"column":10},"end":{"line":42,"column":6}},"21":{"start":{"line":46,"column":4},"end":{"line":46,"column":35}},"22":{"start":{"line":47,"column":4},"end":{"line":47,"column":39}}},"fnMap":{"0":{"name":"(anonymous_14)","decl":{"start":{"line":21,"column":2},"end":{"line":21,"column":9}},"loc":{"start":{"line":21,"column":36},"end":{"line":48,"column":null}}},"1":{"name":"(anonymous_15)","decl":{"start":{"line":21,"column":36},"end":{"line":21,"column":null}},"loc":{"start":{"line":21,"column":36},"end":{"line":48,"column":null}}}},"branchMap":{"0":{"loc":{"start":{"line":25,"column":4},"end":{"line":27,"column":null}},"type":"if","locations":[{"start":{"line":25,"column":4},"end":{"line":27,"column":null}},{"start":{"line":25,"column":4},"end":{"line":27,"column":null}}]},"1":{"loc":{"start":{"line":29,"column":4},"end":{"line":31,"column":null}},"type":"if","locations":[{"start":{"line":29,"column":4},"end":{"line":31,"column":null}},{"start":{"line":29,"column":4},"end":{"line":31,"column":null}}]}},"s":{"0":4,"1":4,"2":4,"3":4,"4":4,"5":4,"6":4,"7":4,"8":4,"9":4,"10":2,"11":2,"12":2,"13":2,"14":2,"15":1,"16":1,"17":1,"18":1,"19":0,"20":1,"21":1,"22":1},"f":{"0":2,"1":2},"b":{"0":[1,1],"1":[0,1]}}
,"C:\\Users\\adrib\\Documents\\Projekte\\TutProjekts\\Microservices\\ticketing\\auth\\src\\routes\\signout.ts": {"path":"C:\\Users\\adrib\\Documents\\Projekte\\TutProjekts\\Microservices\\ticketing\\auth\\src\\routes\\signout.ts","statementMap":{"0":{"start":{"line":1,"column":0},"end":{"line":1,"column":30}},"1":{"start":{"line":3,"column":15},"end":{"line":3,"column":31}},"2":{"start":{"line":10,"column":19},"end":{"line":10,"column":32}},"3":{"start":{"line":5,"column":0},"end":{"line":8,"column":3}},"4":{"start":{"line":6,"column":2},"end":{"line":6,"column":21}},"5":{"start":{"line":7,"column":2},"end":{"line":7,"column":15}}},"fnMap":{"0":{"name":"(anonymous_1)","decl":{"start":{"line":5,"column":34},"end":{"line":5,"column":35}},"loc":{"start":{"line":5,"column":43},"end":{"line":8,"column":1}}}},"branchMap":{},"s":{"0":4,"1":4,"2":4,"3":4,"4":1,"5":1},"f":{"0":1},"b":{}}
,"C:\\Users\\adrib\\Documents\\Projekte\\TutProjekts\\Microservices\\ticketing\\auth\\src\\routes\\signup.ts": {"path":"C:\\Users\\adrib\\Documents\\Projekte\\TutProjekts\\Microservices\\ticketing\\auth\\src\\routes\\signup.ts","statementMap":{"0":{"start":{"line":1,"column":0},"end":{"line":1,"column":53}},"1":{"start":{"line":2,"column":0},"end":{"line":2,"column":41}},"2":{"start":{"line":3,"column":0},"end":{"line":3,"column":38}},"3":{"start":{"line":4,"column":0},"end":{"line":4,"column":31}},"4":{"start":{"line":6,"column":0},"end":{"line":6,"column":59}},"5":{"start":{"line":8,"column":0},"end":{"line":8,"column":59}},"6":{"start":{"line":10,"column":15},"end":{"line":10,"column":31}},"7":{"start":{"line":56,"column":19},"end":{"line":56,"column":31}},"8":{"start":{"line":12,"column":0},"end":{"line":54,"column":2}},"9":{"start":{"line":23,"column":36},"end":{"line":53,"column":null}},"10":{"start":{"line":25,"column":10},"end":{"line":25,"column":32}},"11":{"start":{"line":26,"column":25},"end":{"line":26,"column":null}},"12":{"start":{"line":26,"column":10},"end":{"line":26,"column":null}},"13":{"start":{"line":28,"column":4},"end":{"line":31,"column":null}},"14":{"start":{"line":29,"column":6},"end":{"line":29,"column":56}},"15":{"start":{"line":30,"column":6},"end":{"line":30,"column":26}},"16":{"start":{"line":33,"column":10},"end":{"line":33,"column":49}},"17":{"start":{"line":34,"column":4},"end":{"line":34,"column":22}},"18":{"start":{"line":37,"column":10},"end":{"line":46,"column":6}},"19":{"start":{"line":50,"column":4},"end":{"line":50,"column":35}},"20":{"start":{"line":52,"column":4},"end":{"line":52,"column":31}}},"fnMap":{"0":{"name":"(anonymous_14)","decl":{"start":{"line":23,"column":2},"end":{"line":23,"column":9}},"loc":{"start":{"line":23,"column":36},"end":{"line":53,"column":null}}},"1":{"name":"(anonymous_15)","decl":{"start":{"line":23,"column":36},"end":{"line":23,"column":null}},"loc":{"start":{"line":23,"column":36},"end":{"line":53,"column":null}}}},"branchMap":{"0":{"loc":{"start":{"line":28,"column":4},"end":{"line":31,"column":null}},"type":"if","locations":[{"start":{"line":28,"column":4},"end":{"line":31,"column":null}},{"start":{"line":28,"column":4},"end":{"line":31,"column":null}}]}},"s":{"0":4,"1":4,"2":4,"3":4,"4":4,"5":4,"6":4,"7":4,"8":4,"9":9,"10":9,"11":9,"12":9,"13":9,"14":2,"15":0,"16":7,"17":14,"18":7,"19":7,"20":7},"f":{"0":9,"1":9},"b":{"0":[2,7]}}
,"C:\\Users\\adrib\\Documents\\Projekte\\TutProjekts\\Microservices\\ticketing\\auth\\src\\services\\password.ts": {"path":"C:\\Users\\adrib\\Documents\\Projekte\\TutProjekts\\Microservices\\ticketing\\auth\\src\\services\\password.ts","statementMap":{"0":{"start":{"line":1,"column":0},"end":{"line":1,"column":45}},"1":{"start":{"line":2,"column":0},"end":{"line":2,"column":33}},"2":{"start":{"line":5,"column":20},"end":{"line":5,"column":37}},"3":{"start":{"line":7,"column":0},"end":{"line":7,"column":13}},"4":{"start":{"line":8,"column":15},"end":{"line":14,"column":null}},"5":{"start":{"line":9,"column":10},"end":{"line":9,"column":48}},"6":{"start":{"line":11,"column":17},"end":{"line":11,"column":65}},"7":{"start":{"line":11,"column":10},"end":{"line":11,"column":null}},"8":{"start":{"line":13,"column":4},"end":{"line":13,"column":44}},"9":{"start":{"line":16,"column":15},"end":{"line":21,"column":null}},"10":{"start":{"line":17,"column":10},"end":{"line":17,"column":35}},"11":{"start":{"line":18,"column":17},"end":{"line":18,"column":73}},"12":{"start":{"line":18,"column":10},"end":{"line":18,"column":null}},"13":{"start":{"line":20,"column":4},"end":{"line":20,"column":50}},"14":{"start":{"line":22,"column":0},"end":{"line":22,"column":null}},"15":{"start":{"line":7,"column":13},"end":{"line":7,"column":21}}},"fnMap":{"0":{"name":"(anonymous_13)","decl":{"start":{"line":7,"column":0},"end":{"line":7,"column":13}},"loc":{"start":{"line":7,"column":0},"end":{"line":22,"column":null}}},"1":{"name":"(anonymous_15)","decl":{"start":{"line":8,"column":2},"end":{"line":8,"column":15}},"loc":{"start":{"line":8,"column":38},"end":{"line":14,"column":null}}},"2":{"name":"(anonymous_18)","decl":{"start":{"line":16,"column":2},"end":{"line":16,"column":15}},"loc":{"start":{"line":16,"column":71},"end":{"line":21,"column":null}}}},"branchMap":{},"s":{"0":4,"1":4,"2":4,"3":4,"4":4,"5":7,"6":7,"7":7,"8":7,"9":4,"10":1,"11":1,"12":1,"13":1,"14":4,"15":4},"f":{"0":4,"1":7,"2":1},"b":{}}
}
