TN:
SF:src\app.ts
FNF:0
FNH:0
DA:1,4
DA:3,4
DA:4,4
DA:5,4
DA:6,4
DA:8,4
DA:9,4
DA:10,4
DA:11,4
DA:13,4
DA:15,4
DA:17,4
DA:18,4
DA:19,4
DA:20,4
DA:29,4
DA:30,4
DA:31,4
DA:32,4
DA:34,4
DA:36,4
LF:21
LH:21
BRF:0
BRH:0
end_of_record
TN:
SF:src\models\User.ts
FN:37,(anonymous_14)
FN:50,(anonymous_15)
FN:60,(anonymous_18)
FNF:3
FNH:3
FNDA:8,(anonymous_14)
FNDA:7,(anonymous_15)
FNDA:7,(anonymous_18)
DA:1,4
DA:2,4
DA:22,4
DA:38,8
DA:39,8
DA:40,8
DA:41,8
DA:50,4
DA:51,7
DA:52,7
DA:53,7
DA:55,7
DA:60,4
DA:61,7
DA:66,4
DA:68,4
LF:16
LH:16
BRDA:51,0,0,0
BRDA:51,0,1,7
BRF:2
BRH:1
end_of_record
TN:
SF:src\routes\currentUser.ts
FN:7,(anonymous_1)
FNF:1
FNH:1
FNDA:2,(anonymous_1)
DA:1,4
DA:3,4
DA:5,4
DA:7,4
DA:8,2
DA:11,4
LF:6
LH:6
BRDA:8,0,0,2
BRDA:8,0,1,1
BRF:2
BRH:2
end_of_record
TN:
SF:src\routes\signin.ts
FN:21,(anonymous_14)
FN:21,(anonymous_15)
FNF:2
FNH:2
FNDA:2,(anonymous_14)
FNDA:2,(anonymous_15)
DA:1,4
DA:2,4
DA:3,4
DA:4,4
DA:5,4
DA:6,4
DA:7,4
DA:9,4
DA:11,4
DA:21,2
DA:22,2
DA:24,2
DA:25,2
DA:26,1
DA:28,1
DA:29,1
DA:30,0
DA:33,1
DA:46,1
DA:47,1
DA:51,4
LF:21
LH:20
BRDA:25,0,0,1
BRDA:25,0,1,1
BRDA:29,1,0,0
BRDA:29,1,1,1
BRF:4
BRH:3
end_of_record
TN:
SF:src\routes\signout.ts
FN:5,(anonymous_1)
FNF:1
FNH:1
FNDA:1,(anonymous_1)
DA:1,4
DA:3,4
DA:5,4
DA:6,1
DA:7,1
DA:10,4
LF:6
LH:6
BRF:0
BRH:0
end_of_record
TN:
SF:src\routes\signup.ts
FN:23,(anonymous_14)
FN:23,(anonymous_15)
FNF:2
FNH:2
FNDA:9,(anonymous_14)
FNDA:9,(anonymous_15)
DA:1,4
DA:2,4
DA:3,4
DA:4,4
DA:6,4
DA:8,4
DA:10,4
DA:12,4
DA:23,9
DA:25,9
DA:26,9
DA:28,9
DA:29,2
DA:30,0
DA:33,7
DA:34,14
DA:37,7
DA:50,7
DA:52,7
DA:56,4
LF:20
LH:19
BRDA:28,0,0,2
BRDA:28,0,1,7
BRF:2
BRH:2
end_of_record
TN:
SF:src\services\password.ts
FN:7,(anonymous_13)
FN:8,(anonymous_15)
FN:16,(anonymous_18)
FNF:3
FNH:3
FNDA:4,(anonymous_13)
FNDA:7,(anonymous_15)
FNDA:1,(anonymous_18)
DA:1,4
DA:2,4
DA:5,4
DA:7,4
DA:8,4
DA:9,7
DA:11,7
DA:13,7
DA:16,4
DA:17,1
DA:18,1
DA:20,1
DA:22,4
LF:13
LH:13
BRF:0
BRH:0
end_of_record
